# JRE version: Java(TM) SE Runtime Environment (8.0_191-b12) (build 1.8.0_191-b12)
# Java VM: Java HotSpot(TM) 64-Bit Server VM (25.191-b12 mixed mode linux-amd64 compressed oops)
Heap:
 PSYoungGen      total 447488K, used 0K [0x00000000d7100000, 0x0000000100000000, 0x0000000100000000)
  eden space 224256K, 0% used [0x00000000d7100000,0x00000000d7100000,0x00000000e4c00000)
  from space 223232K, 0% used [0x00000000f2600000,0x00000000f2600000,0x0000000100000000)
  to   space 223232K, 0% used [0x00000000e4c00000,0x00000000e4c00000,0x00000000f2600000)
 ParOldGen       total 661504K, used 638585K [0x0000000085200000, 0x00000000ad800000, 0x00000000d7100000)
  object space 661504K, 96% used [0x0000000085200000,0x00000000ac19e748,0x00000000ad800000)
 Metaspace       used 72439K, capacity 75120K, committed 75224K, reserved 1114112K
  class space    used 9371K, capacity 9906K, committed 9984K, reserved 1048576K
GC Heap History (10 events):
Event: 199,880 GC heap after
Heap after GC invocations=30 (full 6):
 PSYoungGen      total 447488K, used 64256K [0x00000000d7100000, 0x0000000100000000, 0x0000000100000000)
  eden space 224256K, 0% used [0x00000000d7100000,0x00000000d7100000,0x00000000e4c00000)
  from space 223232K, 28% used [0x00000000f2600000,0x00000000f64c0000,0x0000000100000000)
  to   space 223232K, 0% used [0x00000000e4c00000,0x00000000e4c00000,0x00000000f2600000)
 ParOldGen       total 661504K, used 323474K [0x0000000085200000, 0x00000000ad800000, 0x00000000d7100000)
  object space 661504K, 48% used [0x0000000085200000,0x0000000098de4940,0x00000000ad800000)
 Metaspace       used 72439K, capacity 75120K, committed 75224K, reserved 1114112K
  class space    used 9371K, capacity 9906K, committed 9984K, reserved 1048576K
}
Event: 202,714 GC heap before
{Heap before GC invocations=31 (full 6):
 PSYoungGen      total 447488K, used 288512K [0x00000000d7100000, 0x0000000100000000, 0x0000000100000000)
  eden space 224256K, 100% used [0x00000000d7100000,0x00000000e4c00000,0x00000000e4c00000)
  from space 223232K, 28% used [0x00000000f2600000,0x00000000f64c0000,0x0000000100000000)
  to   space 223232K, 0% used [0x00000000e4c00000,0x00000000e4c00000,0x00000000f2600000)
 ParOldGen       total 661504K, used 323474K [0x0000000085200000, 0x00000000ad800000, 0x00000000d7100000)
  object space 661504K, 48% used [0x0000000085200000,0x0000000098de4940,0x00000000ad800000)
 Metaspace       used 72439K, capacity 75120K, committed 75224K, reserved 1114112K
  class space    used 9371K, capacity 9906K, committed 9984K, reserved 1048576K
Event: 202,752 GC heap after
Heap after GC invocations=31 (full 6):
 PSYoungGen      total 291328K, used 66877K [0x00000000d7100000, 0x00000000ff900000, 0x0000000100000000)
  eden space 224256K, 0% used [0x00000000d7100000,0x00000000d7100000,0x00000000e4c00000)
  from space 67072K, 99% used [0x00000000e4c00000,0x00000000e8d4f568,0x00000000e8d80000)
  to   space 219648K, 0% used [0x00000000f2280000,0x00000000f2280000,0x00000000ff900000)
 ParOldGen       total 661504K, used 387874K [0x0000000085200000, 0x00000000ad800000, 0x00000000d7100000)
  object space 661504K, 58% used [0x0000000085200000,0x000000009ccc8940,0x00000000ad800000)
 Metaspace       used 72439K, capacity 75120K, committed 75224K, reserved 1114112K
  class space    used 9371K, capacity 9906K, committed 9984K, reserved 1048576K
}
Event: 206,002 GC heap before
{Heap before GC invocations=32 (full 6):
 PSYoungGen      total 291328K, used 291133K [0x00000000d7100000, 0x00000000ff900000, 0x0000000100000000)
  eden space 224256K, 100% used [0x00000000d7100000,0x00000000e4c00000,0x00000000e4c00000)
  from space 67072K, 99% used [0x00000000e4c00000,0x00000000e8d4f568,0x00000000e8d80000)
  to   space 219648K, 0% used [0x00000000f2280000,0x00000000f2280000,0x00000000ff900000)
 ParOldGen       total 661504K, used 387874K [0x0000000085200000, 0x00000000ad800000, 0x00000000d7100000)
  object space 661504K, 58% used [0x0000000085200000,0x000000009ccc8940,0x00000000ad800000)
 Metaspace       used 72439K, capacity 75120K, committed 75224K, reserved 1114112K
  class space    used 9371K, capacity 9906K, committed 9984K, reserved 1048576K
Event: 206,038 GC heap after
Heap after GC invocations=32 (full 6):
 PSYoungGen      total 441344K, used 131005K [0x00000000d7100000, 0x0000000100000000, 0x0000000100000000)
  eden space 221696K, 0% used [0x00000000d7100000,0x00000000d7100000,0x00000000e4980000)
  from space 219648K, 59% used [0x00000000f2280000,0x00000000fa26f568,0x00000000ff900000)
  to   space 222208K, 0% used [0x00000000e4980000,0x00000000e4980000,0x00000000f2280000)
 ParOldGen       total 661504K, used 387874K [0x0000000085200000, 0x00000000ad800000, 0x00000000d7100000)
  object space 661504K, 58% used [0x0000000085200000,0x000000009ccc8940,0x00000000ad800000)
 Metaspace       used 72439K, capacity 75120K, committed 75224K, reserved 1114112K
  class space    used 9371K, capacity 9906K, committed 9984K, reserved 1048576K
}
Event: 209,031 GC heap before
{Heap before GC invocations=33 (full 6):
 PSYoungGen      total 441344K, used 352701K [0x00000000d7100000, 0x0000000100000000, 0x0000000100000000)
  eden space 221696K, 100% used [0x00000000d7100000,0x00000000e4980000,0x00000000e4980000)
  from space 219648K, 59% used [0x00000000f2280000,0x00000000fa26f568,0x00000000ff900000)
  to   space 222208K, 0% used [0x00000000e4980000,0x00000000e4980000,0x00000000f2280000)
 ParOldGen       total 661504K, used 387874K [0x0000000085200000, 0x00000000ad800000, 0x00000000d7100000)
  object space 661504K, 58% used [0x0000000085200000,0x000000009ccc8940,0x00000000ad800000)
 Metaspace       used 72439K, capacity 75120K, committed 75224K, reserved 1114112K
  class space    used 9371K, capacity 9906K, committed 9984K, reserved 1048576K
Event: 209,083 GC heap after
Heap after GC invocations=33 (full 6):
 PSYoungGen      total 443904K, used 193213K [0x00000000d7100000, 0x0000000100000000, 0x0000000100000000)
  eden space 221696K, 0% used [0x00000000d7100000,0x00000000d7100000,0x00000000e4980000)
  from space 222208K, 86% used [0x00000000e4980000,0x00000000f062f568,0x00000000f2280000)
  to   space 223232K, 0% used [0x00000000f2600000,0x00000000f2600000,0x0000000100000000)
 ParOldGen       total 661504K, used 387874K [0x0000000085200000, 0x00000000ad800000, 0x00000000d7100000)
  object space 661504K, 58% used [0x0000000085200000,0x000000009ccc8940,0x00000000ad800000)
 Metaspace       used 72439K, capacity 75120K, committed 75224K, reserved 1114112K
  class space    used 9371K, capacity 9906K, committed 9984K, reserved 1048576K
}
Event: 212,126 GC heap before
{Heap before GC invocations=34 (full 6):
 PSYoungGen      total 443904K, used 413635K [0x00000000d7100000, 0x0000000100000000, 0x0000000100000000)
  eden space 221696K, 99% used [0x00000000d7100000,0x00000000e4841808,0x00000000e4980000)
  from space 222208K, 86% used [0x00000000e4980000,0x00000000f062f568,0x00000000f2280000)
  to   space 223232K, 0% used [0x00000000f2600000,0x00000000f2600000,0x0000000100000000)
 ParOldGen       total 661504K, used 387874K [0x0000000085200000, 0x00000000ad800000, 0x00000000d7100000)
  object space 661504K, 58% used [0x0000000085200000,0x000000009ccc8940,0x00000000ad800000)
 Metaspace       used 72439K, capacity 75120K, committed 75224K, reserved 1114112K
  class space    used 9371K, capacity 9906K, committed 9984K, reserved 1048576K
Event: 212,195 GC heap after
Heap after GC invocations=34 (full 6):
 PSYoungGen      total 447488K, used 124544K [0x00000000d7100000, 0x0000000100000000, 0x0000000100000000)
  eden space 224256K, 0% used [0x00000000d7100000,0x00000000d7100000,0x00000000e4c00000)
  from space 223232K, 55% used [0x00000000f2600000,0x00000000f9fa0000,0x0000000100000000)
  to   space 223232K, 0% used [0x00000000e4c00000,0x00000000e4c00000,0x00000000f2600000)
 ParOldGen       total 661504K, used 522461K [0x0000000085200000, 0x00000000ad800000, 0x00000000d7100000)
  object space 661504K, 78% used [0x0000000085200000,0x00000000a5037410,0x00000000ad800000)
 Metaspace       used 72439K, capacity 75120K, committed 75224K, reserved 1114112K
  class space    used 9371K, capacity 9906K, committed 9984K, reserved 1048576K
}
Event: 212,195 GC heap before
{Heap before GC invocations=35 (full 7):
 PSYoungGen      total 447488K, used 124544K [0x00000000d7100000, 0x0000000100000000, 0x0000000100000000)
  eden space 224256K, 0% used [0x00000000d7100000,0x00000000d7100000,0x00000000e4c00000)
  from space 223232K, 55% used [0x00000000f2600000,0x00000000f9fa0000,0x0000000100000000)
  to   space 223232K, 0% used [0x00000000e4c00000,0x00000000e4c00000,0x00000000f2600000)
 ParOldGen       total 661504K, used 522461K [0x0000000085200000, 0x00000000ad800000, 0x00000000d7100000)
  object space 661504K, 78% used [0x0000000085200000,0x00000000a5037410,0x00000000ad800000)
 Metaspace       used 72439K, capacity 75120K, committed 75224K, reserved 1114112K
  class space    used 9371K, capacity 9906K, committed 9984K, reserved 1048576K

